<?xml version="1.0" encoding="UTF-8"?>
<testsuite name="AnalyticTest" tests="1" skipped="0" failures="0" errors="0" timestamp="2025-10-08T21:07:33.031Z" hostname="KYST" time="0.021">
  <properties/>
  <testcase name="Test customers with at least 5 orders" classname="AnalyticTest" time="0.021"/>
  <system-out><![CDATA[]]></system-out>
  <system-err><![CDATA[]]></system-err>
</testsuite>
